2024-06-17 06:02:06,953 INFO    MainThread:18175 [wandb_setup.py:_flush():76] Current SDK version is 0.17.1
2024-06-17 06:02:06,953 INFO    MainThread:18175 [wandb_setup.py:_flush():76] Configure stats pid to 18175
2024-06-17 06:02:06,953 INFO    MainThread:18175 [wandb_setup.py:_flush():76] Loading settings from /home/codespace/.config/wandb/settings
2024-06-17 06:02:06,954 INFO    MainThread:18175 [wandb_setup.py:_flush():76] Loading settings from /workspaces/wandb/settings
2024-06-17 06:02:06,954 INFO    MainThread:18175 [wandb_setup.py:_flush():76] Loading settings from environment variables: {}
2024-06-17 06:02:06,954 INFO    MainThread:18175 [wandb_setup.py:_flush():76] Applying setup settings: {'_disable_service': False}
2024-06-17 06:02:06,954 INFO    MainThread:18175 [wandb_setup.py:_flush():76] Inferring run settings from compute environment: {'program_relpath': 'haikus-for-codespaces/test.py', 'program_abspath': '/workspaces/haikus-for-codespaces/test.py', 'program': '/workspaces/haikus-for-codespaces/test.py'}
2024-06-17 06:02:06,954 INFO    MainThread:18175 [wandb_setup.py:_flush():76] Applying login settings: {}
2024-06-17 06:02:06,954 INFO    MainThread:18175 [wandb_init.py:_log_setup():520] Logging user logs to /workspaces/wandb/run-20240617_060206-sdlsohjj/logs/debug.log
2024-06-17 06:02:06,954 INFO    MainThread:18175 [wandb_init.py:_log_setup():521] Logging internal logs to /workspaces/wandb/run-20240617_060206-sdlsohjj/logs/debug-internal.log
2024-06-17 06:02:06,954 INFO    MainThread:18175 [wandb_init.py:init():560] calling init triggers
2024-06-17 06:02:06,954 INFO    MainThread:18175 [wandb_init.py:init():567] wandb.init called with sweep_config: {}
config: {'d_model': 64, 'batch_size': 4, 'context_length': 8, 'max_iters': 200, 'learning_rate': 0.001, 'epochs': 1}
2024-06-17 06:02:06,954 INFO    MainThread:18175 [wandb_init.py:init():610] starting backend
2024-06-17 06:02:06,954 INFO    MainThread:18175 [wandb_init.py:init():614] setting up manager
2024-06-17 06:02:06,955 INFO    MainThread:18175 [backend.py:_multiprocessing_setup():105] multiprocessing start_methods=fork,spawn,forkserver, using: spawn
2024-06-17 06:02:06,957 INFO    MainThread:18175 [wandb_init.py:init():622] backend started and connected
2024-06-17 06:02:06,961 INFO    MainThread:18175 [wandb_init.py:init():711] updated telemetry
2024-06-17 06:02:06,961 INFO    MainThread:18175 [wandb_init.py:init():744] communicating run to backend with 90.0 second timeout
2024-06-17 06:02:07,556 INFO    MainThread:18175 [wandb_run.py:_on_init():2402] communicating current version
2024-06-17 06:02:07,584 INFO    MainThread:18175 [wandb_run.py:_on_init():2411] got version response 
2024-06-17 06:02:07,584 INFO    MainThread:18175 [wandb_init.py:init():795] starting run threads in backend
2024-06-17 06:02:07,783 INFO    MainThread:18175 [wandb_run.py:_console_start():2380] atexit reg
2024-06-17 06:02:07,783 INFO    MainThread:18175 [wandb_run.py:_redirect():2235] redirect: wrap_raw
2024-06-17 06:02:07,783 INFO    MainThread:18175 [wandb_run.py:_redirect():2300] Wrapping output streams.
2024-06-17 06:02:07,783 INFO    MainThread:18175 [wandb_run.py:_redirect():2325] Redirects installed.
2024-06-17 06:02:07,785 INFO    MainThread:18175 [wandb_init.py:init():838] run started, returning control to user process
2024-06-17 06:02:13,349 INFO    MainThread:18175 [wandb_watch.py:watch():51] Watching
2024-06-17 06:02:53,184 WARNING MsgRouterThr:18175 [router.py:message_loop():77] message_loop has been closed
